Determining if the CL_VERSION_2_0 exist failed with the following output:
Change Dir: /home/yoshi/catkin_ws/src/kinectv2/libfreenect2/build/CMakeFiles/CMakeTmp

Run Build Command:"/usr/bin/make" "cmTC_7ea5e/fast"
/usr/bin/make -f CMakeFiles/cmTC_7ea5e.dir/build.make CMakeFiles/cmTC_7ea5e.dir/build
make[1]: ディレクトリ '/home/yoshi/catkin_ws/src/kinectv2/libfreenect2/build/CMakeFiles/CMakeTmp' に入ります
Building C object CMakeFiles/cmTC_7ea5e.dir/CheckSymbolExists.c.o
/usr/bin/cc     -o CMakeFiles/cmTC_7ea5e.dir/CheckSymbolExists.c.o   -c /home/yoshi/catkin_ws/src/kinectv2/libfreenect2/build/CMakeFiles/CMakeTmp/CheckSymbolExists.c
/home/yoshi/catkin_ws/src/kinectv2/libfreenect2/build/CMakeFiles/CMakeTmp/CheckSymbolExists.c:2:47: fatal error: OpenCL_INCLUDE_DIR-NOTFOUND/CL/cl.h: そのようなファイルやディレクトリはありません
compilation terminated.
CMakeFiles/cmTC_7ea5e.dir/build.make:65: ターゲット 'CMakeFiles/cmTC_7ea5e.dir/CheckSymbolExists.c.o' のレシピで失敗しました
make[1]: *** [CMakeFiles/cmTC_7ea5e.dir/CheckSymbolExists.c.o] エラー 1
make[1]: ディレクトリ '/home/yoshi/catkin_ws/src/kinectv2/libfreenect2/build/CMakeFiles/CMakeTmp' から出ます
Makefile:126: ターゲット 'cmTC_7ea5e/fast' のレシピで失敗しました
make: *** [cmTC_7ea5e/fast] エラー 2

File /home/yoshi/catkin_ws/src/kinectv2/libfreenect2/build/CMakeFiles/CMakeTmp/CheckSymbolExists.c:
/* */
#include <OpenCL_INCLUDE_DIR-NOTFOUND/CL/cl.h>

int main(int argc, char** argv)
{
  (void)argv;
#ifndef CL_VERSION_2_0
  return ((int*)(&CL_VERSION_2_0))[argc];
#else
  (void)argc;
  return 0;
#endif
}

Determining if the CL_VERSION_1_2 exist failed with the following output:
Change Dir: /home/yoshi/catkin_ws/src/kinectv2/libfreenect2/build/CMakeFiles/CMakeTmp

Run Build Command:"/usr/bin/make" "cmTC_706bb/fast"
/usr/bin/make -f CMakeFiles/cmTC_706bb.dir/build.make CMakeFiles/cmTC_706bb.dir/build
make[1]: ディレクトリ '/home/yoshi/catkin_ws/src/kinectv2/libfreenect2/build/CMakeFiles/CMakeTmp' に入ります
Building C object CMakeFiles/cmTC_706bb.dir/CheckSymbolExists.c.o
/usr/bin/cc     -o CMakeFiles/cmTC_706bb.dir/CheckSymbolExists.c.o   -c /home/yoshi/catkin_ws/src/kinectv2/libfreenect2/build/CMakeFiles/CMakeTmp/CheckSymbolExists.c
/home/yoshi/catkin_ws/src/kinectv2/libfreenect2/build/CMakeFiles/CMakeTmp/CheckSymbolExists.c:2:47: fatal error: OpenCL_INCLUDE_DIR-NOTFOUND/CL/cl.h: そのようなファイルやディレクトリはありません
compilation terminated.
CMakeFiles/cmTC_706bb.dir/build.make:65: ターゲット 'CMakeFiles/cmTC_706bb.dir/CheckSymbolExists.c.o' のレシピで失敗しました
make[1]: *** [CMakeFiles/cmTC_706bb.dir/CheckSymbolExists.c.o] エラー 1
make[1]: ディレクトリ '/home/yoshi/catkin_ws/src/kinectv2/libfreenect2/build/CMakeFiles/CMakeTmp' から出ます
Makefile:126: ターゲット 'cmTC_706bb/fast' のレシピで失敗しました
make: *** [cmTC_706bb/fast] エラー 2

File /home/yoshi/catkin_ws/src/kinectv2/libfreenect2/build/CMakeFiles/CMakeTmp/CheckSymbolExists.c:
/* */
#include <OpenCL_INCLUDE_DIR-NOTFOUND/CL/cl.h>

int main(int argc, char** argv)
{
  (void)argv;
#ifndef CL_VERSION_1_2
  return ((int*)(&CL_VERSION_1_2))[argc];
#else
  (void)argc;
  return 0;
#endif
}

Determining if the CL_VERSION_1_1 exist failed with the following output:
Change Dir: /home/yoshi/catkin_ws/src/kinectv2/libfreenect2/build/CMakeFiles/CMakeTmp

Run Build Command:"/usr/bin/make" "cmTC_c7839/fast"
/usr/bin/make -f CMakeFiles/cmTC_c7839.dir/build.make CMakeFiles/cmTC_c7839.dir/build
make[1]: ディレクトリ '/home/yoshi/catkin_ws/src/kinectv2/libfreenect2/build/CMakeFiles/CMakeTmp' に入ります
Building C object CMakeFiles/cmTC_c7839.dir/CheckSymbolExists.c.o
/usr/bin/cc     -o CMakeFiles/cmTC_c7839.dir/CheckSymbolExists.c.o   -c /home/yoshi/catkin_ws/src/kinectv2/libfreenect2/build/CMakeFiles/CMakeTmp/CheckSymbolExists.c
/home/yoshi/catkin_ws/src/kinectv2/libfreenect2/build/CMakeFiles/CMakeTmp/CheckSymbolExists.c:2:47: fatal error: OpenCL_INCLUDE_DIR-NOTFOUND/CL/cl.h: そのようなファイルやディレクトリはありません
compilation terminated.
CMakeFiles/cmTC_c7839.dir/build.make:65: ターゲット 'CMakeFiles/cmTC_c7839.dir/CheckSymbolExists.c.o' のレシピで失敗しました
make[1]: *** [CMakeFiles/cmTC_c7839.dir/CheckSymbolExists.c.o] エラー 1
make[1]: ディレクトリ '/home/yoshi/catkin_ws/src/kinectv2/libfreenect2/build/CMakeFiles/CMakeTmp' から出ます
Makefile:126: ターゲット 'cmTC_c7839/fast' のレシピで失敗しました
make: *** [cmTC_c7839/fast] エラー 2

File /home/yoshi/catkin_ws/src/kinectv2/libfreenect2/build/CMakeFiles/CMakeTmp/CheckSymbolExists.c:
/* */
#include <OpenCL_INCLUDE_DIR-NOTFOUND/CL/cl.h>

int main(int argc, char** argv)
{
  (void)argv;
#ifndef CL_VERSION_1_1
  return ((int*)(&CL_VERSION_1_1))[argc];
#else
  (void)argc;
  return 0;
#endif
}

Determining if the CL_VERSION_1_0 exist failed with the following output:
Change Dir: /home/yoshi/catkin_ws/src/kinectv2/libfreenect2/build/CMakeFiles/CMakeTmp

Run Build Command:"/usr/bin/make" "cmTC_6016c/fast"
/usr/bin/make -f CMakeFiles/cmTC_6016c.dir/build.make CMakeFiles/cmTC_6016c.dir/build
make[1]: ディレクトリ '/home/yoshi/catkin_ws/src/kinectv2/libfreenect2/build/CMakeFiles/CMakeTmp' に入ります
Building C object CMakeFiles/cmTC_6016c.dir/CheckSymbolExists.c.o
/usr/bin/cc     -o CMakeFiles/cmTC_6016c.dir/CheckSymbolExists.c.o   -c /home/yoshi/catkin_ws/src/kinectv2/libfreenect2/build/CMakeFiles/CMakeTmp/CheckSymbolExists.c
/home/yoshi/catkin_ws/src/kinectv2/libfreenect2/build/CMakeFiles/CMakeTmp/CheckSymbolExists.c:2:47: fatal error: OpenCL_INCLUDE_DIR-NOTFOUND/CL/cl.h: そのようなファイルやディレクトリはありません
compilation terminated.
CMakeFiles/cmTC_6016c.dir/build.make:65: ターゲット 'CMakeFiles/cmTC_6016c.dir/CheckSymbolExists.c.o' のレシピで失敗しました
make[1]: *** [CMakeFiles/cmTC_6016c.dir/CheckSymbolExists.c.o] エラー 1
make[1]: ディレクトリ '/home/yoshi/catkin_ws/src/kinectv2/libfreenect2/build/CMakeFiles/CMakeTmp' から出ます
Makefile:126: ターゲット 'cmTC_6016c/fast' のレシピで失敗しました
make: *** [cmTC_6016c/fast] エラー 2

File /home/yoshi/catkin_ws/src/kinectv2/libfreenect2/build/CMakeFiles/CMakeTmp/CheckSymbolExists.c:
/* */
#include <OpenCL_INCLUDE_DIR-NOTFOUND/CL/cl.h>

int main(int argc, char** argv)
{
  (void)argv;
#ifndef CL_VERSION_1_0
  return ((int*)(&CL_VERSION_1_0))[argc];
#else
  (void)argc;
  return 0;
#endif
}

